[2025-05-02 08:33:21,215] multiqc.config                                     [INFO   ]  Loading config settings from: results/day/hg38/reports/multiqc_header.yaml
[2025-05-02 08:33:21,224] multiqc.config                                     [INFO   ]  Loading config settings from: config/external_tools/multiqc_config.yaml
[2025-05-02 08:33:21,224] multiqc.core.update_config                         [INFO   ]  Report title: Final Multiqc Report
[2025-05-02 08:33:21,645] multiqc.core.version_check                         [WARNING]  MultiQC Version v1.28 now available!
[2025-05-02 08:33:21,646] multiqc.core.file_search                           [INFO   ]  Search path: /fsx/analysis_results/ubuntu/testsetn/daylily/results/day/hg38/logs
[2025-05-02 08:33:21,646] multiqc.core.file_search                           [INFO   ]  Search path: /fsx/analysis_results/ubuntu/testsetn/daylily/results/day/hg38
[2025-05-02 08:33:21,646] multiqc.core.file_search                           [INFO   ]  Excluding modules 'slamdunk', 'adapterRemoval', 'rseqc', 'sambamba', 'preseq', 'htseq', 'bbmap', 'fastp', 'varscan2', 'flexbar', 'hicexplorer', 'snpeff', 'biscuit', 'deeptools', 'afterqc', 'bbmap', 'biobambam2', 'biobloomtools', 'biscuit', 'bowtie1', 'bowtie2', 'busco', 'ccs', 'clipandmerge', 'clusterflow', 'conpair', 'cutadapt', 'deeptools', 'disambiguate', 'dragen', 'fgbio', 'flash', 'gatk', 'gffcompare', 'happy', 'hisat2', 'homer', 'ivar', 'jcvi', 'kaiju', 'kallisto', 'kraken', 'leehom', 'lima', 'longranger', 'malt', 'minionqc', 'nanostat', 'ngsderive', 'optitype', 'pangolin', 'prokka', 'pychopper', 'pycoqc', 'qorts', 'rna_seqc', 'rockhopper', 'rseqc', 'salmon', 'samblaster', 'sickle', 'skewer', 'slamdunk', 'snippy', 'snpsplit', 'sortmerna', 'stacks', 'supernova', 'trimmomatic', 'varscan2', 'vep', 'bismark', 'tophat', 'sexdetermine', 'q3c3', 'bclconvert/runino', 'bustools', 'damageprofiler', 'dedup', 'eigenstratdatabasetools', 'featureCounts', 'hicpro', 'hicup', 'hops', 'macs2', 'methylQA', 'mirtop', 'mirtrace', 'mtnucratio', 'multivcfanalyzer', 'odgi', 'phantompeakqualtools'
[2025-05-02 08:33:24,445] multiqc.modules.verifybamid.verifybamid            [INFO   ]  Found 1 reports
[2025-05-02 08:33:24,515] multiqc.modules.fastqc.fastqc                      [INFO   ]  Found 2 reports
[2025-05-02 08:33:24,587] multiqc.modules.bcftools.bcftools                  [INFO   ]  Found 1 stats reports
[2025-05-02 08:33:24,608] multiqc.modules.samtools.samtools                  [INFO   ]  Found 2 stats reports
[2025-05-02 08:33:24,620] multiqc.modules.samtools.samtools                  [INFO   ]  Found 2 flagstat reports
[2025-05-02 08:33:24,633] multiqc.modules.samtools.samtools                  [INFO   ]  Found 5 idxstats reports
[2025-05-02 08:33:24,674] multiqc.modules.qualimap.qualimap                  [INFO   ]  Found 2 BamQC reports
[2025-05-02 08:33:24,725] multiqc.modules.mosdepth.mosdepth                  [INFO   ]  Found reports for 23 samples
[2025-05-02 08:33:24,752] multiqc.modules.goleft_indexcov.goleft_indexcov    [INFO   ]  Found 1 samples
[2025-05-02 08:33:24,758] multiqc.modules.fastqc.fastqc                      [INFO   ]  Found 2 reports
[2025-05-02 08:33:24,793] multiqc.core.exec_modules                          [INFO   ]  Previous "FastQC" run will be overridden. It's not yet supported to add new samples to a module with multiqc.parse_logs()
[2025-05-02 08:33:24,806] multiqc.modules.bcftools.bcftools                  [INFO   ]  Found 1 stats reports
[2025-05-02 08:33:24,806] multiqc.core.exec_modules                          [INFO   ]  Previous "Bcftools" run will be overridden. It's not yet supported to add new samples to a module with multiqc.parse_logs()
[2025-05-02 08:33:24,818] multiqc.plots.plotly.violin                        [WARNING]  All values are NaN or Inf for metric: NCmean
[2025-05-02 08:33:24,822] multiqc.modules.custom_content.custom_content      [INFO   ]  norm_cov_evenness_combo: Found 1 samples (PlotType.TABLE)
[2025-05-02 08:33:24,822] multiqc.modules.custom_content.custom_content      [INFO   ]  alignstats_gs: Found 1 General Statistics columns
[2025-05-02 08:33:24,862] multiqc.validation                                 [WARNING]  custom_content/custom_content.py: warnings while parsing TableConfig.TableConfig {'id': 'giab_concordance', 'format': '{:.4f}', 'col1_header': 'mqc_id', 'anchor': 'giab_concordance-plot', 'title': 'Controls Concordance Report'} (total: 1):
• unrecognized field 'format'. Available fields: id, title, anchor, height, width, square, logswitch, logswitch_active, logswitch_label, cpswitch, cpswitch_c_active, cpswitch_counts_label, cpswitch_percent_label, xlog, ylog, data_labels, xlab, ylab, xsuffix, ysuffix, tt_suffix, xlab_format, ylab_format, tt_label, x_decimals, y_decimals, tt_decimals, xmin, xmax, ymin, ymax, x_clipmin, x_clipmax, y_clipmin, y_clipmax, save_data_file, showlegend, x_minrange, y_minrange, x_bands, y_bands, x_lines, y_lines, namespace, save_file, raw_data_fn, defaultsort, sort_rows, only_defined_headers, col1_header, no_violin, scale, min
[2025-05-02 08:33:24,870] multiqc.modules.custom_content.custom_content      [INFO   ]  giab_concordance: Found 9 samples (PlotType.TABLE)
[2025-05-02 08:33:24,880] multiqc.modules.custom_content.custom_content      [INFO   ]  rules_benchmark_data: Found 29 samples (PlotType.TABLE)
[2025-05-02 08:33:24,903] multiqc.modules.custom_content.custom_content      [INFO   ]  alignstats_combo: Found 1 samples (PlotType.TABLE)
[2025-05-02 08:33:24,910] multiqc.modules.custom_content.custom_content      [INFO   ]  RIH0_ANA0-HG002_DBC0_0.strobe.vb2: Found 1 samples (PlotType.TABLE)
[2025-05-02 08:33:24,912] multiqc.core.file_search                           [INFO   ]  Excluding modules 'slamdunk', 'adapterRemoval', 'rseqc', 'sambamba', 'preseq', 'htseq', 'bbmap', 'fastp', 'varscan2', 'flexbar', 'hicexplorer', 'snpeff', 'biscuit', 'deeptools', 'afterqc', 'bbmap', 'biobambam2', 'biobloomtools', 'biscuit', 'bowtie1', 'bowtie2', 'busco', 'ccs', 'clipandmerge', 'clusterflow', 'conpair', 'cutadapt', 'deeptools', 'disambiguate', 'dragen', 'fgbio', 'flash', 'gatk', 'gffcompare', 'happy', 'hisat2', 'homer', 'ivar', 'jcvi', 'kaiju', 'kallisto', 'kraken', 'leehom', 'lima', 'longranger', 'malt', 'minionqc', 'nanostat', 'ngsderive', 'optitype', 'pangolin', 'prokka', 'pychopper', 'pycoqc', 'qorts', 'rna_seqc', 'rockhopper', 'rseqc', 'salmon', 'samblaster', 'sickle', 'skewer', 'slamdunk', 'snippy', 'snpsplit', 'sortmerna', 'stacks', 'supernova', 'trimmomatic', 'varscan2', 'vep', 'bismark', 'tophat', 'sexdetermine', 'q3c3', 'bclconvert/runino', 'bustools', 'damageprofiler', 'dedup', 'eigenstratdatabasetools', 'featureCounts', 'hicpro', 'hicup', 'hops', 'macs2', 'methylQA', 'mirtop', 'mirtrace', 'mtnucratio', 'multivcfanalyzer', 'odgi', 'phantompeakqualtools'
